<?xml version="1.0" encoding="UTF-8"?>
<testng-results ignored="1" total="2" passed="1" failed="0" skipped="0">
  <reporter-output>
  </reporter-output>
  <suite started-at="2022-02-24T11:05:46 IST" name="Default suite" finished-at="2022-02-24T11:05:50 IST" duration-ms="3761">
    <groups>
    </groups>
    <test started-at="2022-02-24T11:05:46 IST" name="Default test" finished-at="2022-02-24T11:05:50 IST" duration-ms="3761">
      <class name="com.rmgyantra.Authentication.preemptiveAndDigestiveAuthTest">
        <test-method signature="digestive()[pri:0, instance:com.rmgyantra.Authentication.preemptiveAndDigestiveAuthTest@75329a49]" started-at="2022-02-24T11:05:46 IST" name="digestive" finished-at="2022-02-24T11:05:50 IST" duration-ms="3682" status="PASS">
          <reporter-output>
          </reporter-output>
        </test-method> <!-- digestive -->
      </class> <!-- com.rmgyantra.Authentication.preemptiveAndDigestiveAuthTest -->
    </test> <!-- Default test -->
  </suite> <!-- Default suite -->
</testng-results>
