<?xml version="1.0" encoding="UTF-8"?>
<!-- Generated by org.testng.reporters.JUnitXMLReporter -->
<testsuite ignored="1" hostname="LAPTOP-DK6TK74Q" failures="0" tests="1" name="Default test" time="3.761" errors="0" timestamp="2022-02-24T11:05:50 IST">
  <testcase classname="com.rmgyantra.Authentication.preemptiveAndDigestiveAuthTest" name="digestive" time="3.682"/>
  <testcase classname="com.rmgyantra.Authentication.preemptiveAndDigestiveAuthTest" name="preemptive" time="0.0">
    <ignored/>
  </testcase> <!-- preemptive -->
</testsuite> <!-- Default test -->
